c:\users\robin\documents\github\civ_rob_2.0\realengine2d\x64\release\realengine2d.pdb
c:\users\robin\documents\github\civ_rob_2.0\realengine2d\x64\release\window.obj
c:\users\robin\documents\github\civ_rob_2.0\realengine2d\x64\release\timing.obj
c:\users\robin\documents\github\civ_rob_2.0\realengine2d\x64\release\texturecache.obj
c:\users\robin\documents\github\civ_rob_2.0\realengine2d\x64\release\spritebatch.obj
c:\users\robin\documents\github\civ_rob_2.0\realengine2d\x64\release\sprite.obj
c:\users\robin\documents\github\civ_rob_2.0\realengine2d\x64\release\resourcemanager.obj
c:\users\robin\documents\github\civ_rob_2.0\realengine2d\x64\release\inputmanager.obj
c:\users\robin\documents\github\civ_rob_2.0\realengine2d\x64\release\gltexture.obj
c:\users\robin\documents\github\civ_rob_2.0\realengine2d\x64\release\glslprogram.obj
c:\users\robin\documents\github\civ_rob_2.0\realengine2d\x64\release\gameengine.obj
c:\users\robin\documents\github\civ_rob_2.0\realengine2d\x64\release\error.obj
c:\users\robin\documents\github\civ_rob_2.0\realengine2d\x64\release\camera2d.obj
c:\users\robin\documents\github\civ_rob_2.0\realengine2d\x64\release\picopng.obj
c:\users\robin\documents\github\civ_rob_2.0\x64\release\realengine2d.lib
c:\users\robin\documents\github\civ_rob_2.0\realengine2d\x64\release\realengine2d.tlog\cl.command.1.tlog
c:\users\robin\documents\github\civ_rob_2.0\realengine2d\x64\release\realengine2d.tlog\cl.read.1.tlog
c:\users\robin\documents\github\civ_rob_2.0\realengine2d\x64\release\realengine2d.tlog\cl.write.1.tlog
c:\users\robin\documents\github\civ_rob_2.0\realengine2d\x64\release\realengine2d.tlog\lib-link.read.1.tlog
c:\users\robin\documents\github\civ_rob_2.0\realengine2d\x64\release\realengine2d.tlog\lib-link.write.1.tlog
c:\users\robin\documents\github\civ_rob_2.0\realengine2d\x64\release\realengine2d.tlog\lib.command.1.tlog
