c:\users\robin\documents\github\civ_rob_2.0\x64\debug\vc142.pdb
c:\users\robin\documents\github\civ_rob_2.0\x64\debug\vc142.idb
c:\users\robin\documents\github\civ_rob_2.0\x64\debug\tinyxml2.obj
c:\users\robin\documents\github\civ_rob_2.0\x64\debug\unit.obj
c:\users\robin\documents\github\civ_rob_2.0\x64\debug\texture.obj
c:\users\robin\documents\github\civ_rob_2.0\x64\debug\savereload.obj
c:\users\robin\documents\github\civ_rob_2.0\x64\debug\player.obj
c:\users\robin\documents\github\civ_rob_2.0\x64\debug\main.obj
c:\users\robin\documents\github\civ_rob_2.0\x64\debug\ltimer.obj
c:\users\robin\documents\github\civ_rob_2.0\x64\debug\loadconfig.obj
c:\users\robin\documents\github\civ_rob_2.0\x64\debug\keyboardmouse.obj
c:\users\robin\documents\github\civ_rob_2.0\x64\debug\hashtable.obj
c:\users\robin\documents\github\civ_rob_2.0\x64\debug\gameplay.obj
c:\users\robin\documents\github\civ_rob_2.0\x64\debug\city.obj
c:\users\robin\documents\github\civ_rob_2.0\x64\debug\ihm.obj
c:\users\robin\documents\github\civ_rob_2.0\x64\debug\civ_rob_2.ilk
c:\users\robin\documents\github\civ_rob_2.0\x64\debug\civ_rob_2.exe
c:\users\robin\documents\github\civ_rob_2.0\x64\debug\civ_rob_2.pdb
c:\users\robin\documents\github\civ_rob_2.0\x64\debug\civ_rob_2.tlog\cl.command.1.tlog
c:\users\robin\documents\github\civ_rob_2.0\x64\debug\civ_rob_2.tlog\cl.read.1.tlog
c:\users\robin\documents\github\civ_rob_2.0\x64\debug\civ_rob_2.tlog\cl.write.1.tlog
c:\users\robin\documents\github\civ_rob_2.0\x64\debug\civ_rob_2.tlog\link.command.1.tlog
c:\users\robin\documents\github\civ_rob_2.0\x64\debug\civ_rob_2.tlog\link.read.1.tlog
c:\users\robin\documents\github\civ_rob_2.0\x64\debug\civ_rob_2.tlog\link.write.1.tlog
