  City.cpp
  End.cpp
  GamePlay.cpp
  IHM.cpp
  KeyboardMouse.cpp
  LoadConfig.cpp
  LTimer.cpp
  main.cpp
C:\Users\Robin\Documents\GitHub\Civ_rob_2.0\src\Civ_rob_2.0\main.cpp(33,26): warning C4100: 'argv': unreferenced formal parameter
C:\Users\Robin\Documents\GitHub\Civ_rob_2.0\src\Civ_rob_2.0\main.cpp(33,14): warning C4100: 'argc': unreferenced formal parameter
  Player.cpp
  SaveReload.cpp
  Texture.cpp
C:\Users\Robin\Documents\GitHub\Civ_rob_2.0\src\Civ_rob_2.0\Texture.cpp(851): warning C4238: nonstandard extension used: class rvalue used as lvalue
C:\Users\Robin\Documents\GitHub\Civ_rob_2.0\src\Civ_rob_2.0\Texture.cpp(853): warning C4238: nonstandard extension used: class rvalue used as lvalue
C:\Users\Robin\Documents\GitHub\Civ_rob_2.0\src\Civ_rob_2.0\Texture.cpp(859): warning C4238: nonstandard extension used: class rvalue used as lvalue
C:\Users\Robin\Documents\GitHub\Civ_rob_2.0\src\Civ_rob_2.0\Texture.cpp(861): warning C4238: nonstandard extension used: class rvalue used as lvalue
C:\Users\Robin\Documents\GitHub\Civ_rob_2.0\src\Civ_rob_2.0\Texture.cpp(851,70): warning C4238: nonstandard extension used: class rvalue used as lvalue
C:\Users\Robin\Documents\GitHub\Civ_rob_2.0\src\Civ_rob_2.0\Texture.cpp(853,80): warning C4238: nonstandard extension used: class rvalue used as lvalue
C:\Users\Robin\Documents\GitHub\Civ_rob_2.0\src\Civ_rob_2.0\Texture.cpp(859,72): warning C4238: nonstandard extension used: class rvalue used as lvalue
C:\Users\Robin\Documents\GitHub\Civ_rob_2.0\src\Civ_rob_2.0\Texture.cpp(861,82): warning C4238: nonstandard extension used: class rvalue used as lvalue
C:\Users\Robin\Documents\GitHub\Civ_rob_2.0\src\Civ_rob_2.0\Texture.cpp(1084): warning C4238: nonstandard extension used: class rvalue used as lvalue
C:\Users\Robin\Documents\GitHub\Civ_rob_2.0\src\Civ_rob_2.0\Texture.cpp(1088): warning C4238: nonstandard extension used: class rvalue used as lvalue
C:\Users\Robin\Documents\GitHub\Civ_rob_2.0\src\Civ_rob_2.0\Texture.cpp(1084,69): warning C4238: nonstandard extension used: class rvalue used as lvalue
C:\Users\Robin\Documents\GitHub\Civ_rob_2.0\src\Civ_rob_2.0\Texture.cpp(1088,79): warning C4238: nonstandard extension used: class rvalue used as lvalue
  Unit.cpp
  tinyxml2.cpp
  Generating Code...
  civ_rob_2.vcxproj -> C:\Users\Robin\Documents\GitHub\Civ_rob_2.0\x64\Debug\civ_rob_2.exe
