c:\users\robin\documents\github\civ_rob_2.0\civ_rob_2.0\x64\release\vc142.pdb
c:\users\robin\documents\github\civ_rob_2.0\civ_rob_2.0\x64\release\xmlconvertvalue.obj
c:\users\robin\documents\github\civ_rob_2.0\civ_rob_2.0\x64\release\utility.obj
c:\users\robin\documents\github\civ_rob_2.0\civ_rob_2.0\x64\release\unit.obj
c:\users\robin\documents\github\civ_rob_2.0\civ_rob_2.0\x64\release\savereload.obj
c:\users\robin\documents\github\civ_rob_2.0\civ_rob_2.0\x64\release\player.obj
c:\users\robin\documents\github\civ_rob_2.0\civ_rob_2.0\x64\release\mainmap.obj
c:\users\robin\documents\github\civ_rob_2.0\civ_rob_2.0\x64\release\maingame.obj
c:\users\robin\documents\github\civ_rob_2.0\civ_rob_2.0\x64\release\gameinput.obj
c:\users\robin\documents\github\civ_rob_2.0\civ_rob_2.0\x64\release\civ_rob_2.0.obj
c:\users\robin\documents\github\civ_rob_2.0\civ_rob_2.0\x64\release\city.obj
c:\users\robin\documents\github\civ_rob_2.0\civ_rob_2.0\x64\release\citizen.obj
c:\users\robin\documents\github\civ_rob_2.0\civ_rob_2.0\x64\release\tinyxml2.obj
c:\users\robin\documents\github\civ_rob_2.0\x64\release\civ_rob_2.0.exe
c:\users\robin\documents\github\civ_rob_2.0\civ_rob_2.0\x64\release\civ_rob_2.0.ipdb
c:\users\robin\documents\github\civ_rob_2.0\civ_rob_2.0\x64\release\civ_rob_2.0.iobj
c:\users\robin\documents\github\civ_rob_2.0\x64\release\civ_rob_2.0.pdb
c:\users\robin\documents\github\civ_rob_2.0\civ_rob_2.0\x64\release\civ_rob_2.0.tlog\cl.command.1.tlog
c:\users\robin\documents\github\civ_rob_2.0\civ_rob_2.0\x64\release\civ_rob_2.0.tlog\cl.read.1.tlog
c:\users\robin\documents\github\civ_rob_2.0\civ_rob_2.0\x64\release\civ_rob_2.0.tlog\cl.write.1.tlog
c:\users\robin\documents\github\civ_rob_2.0\civ_rob_2.0\x64\release\civ_rob_2.0.tlog\link.command.1.tlog
c:\users\robin\documents\github\civ_rob_2.0\civ_rob_2.0\x64\release\civ_rob_2.0.tlog\link.read.1.tlog
c:\users\robin\documents\github\civ_rob_2.0\civ_rob_2.0\x64\release\civ_rob_2.0.tlog\link.write.1.tlog
