c:\users\robin\documents\github\civ_rob_2.0\civ_rob_2\debug\vc141.pdb
c:\users\robin\documents\github\civ_rob_2.0\civ_rob_2\debug\vc141.idb
c:\users\robin\documents\github\civ_rob_2.0\civ_rob_2\debug\units.obj
c:\users\robin\documents\github\civ_rob_2.0\civ_rob_2\debug\unit.obj
c:\users\robin\documents\github\civ_rob_2.0\civ_rob_2\debug\texture.obj
c:\users\robin\documents\github\civ_rob_2.0\civ_rob_2\debug\saveandreload.obj
c:\users\robin\documents\github\civ_rob_2.0\civ_rob_2\debug\renduecran.obj
c:\users\robin\documents\github\civ_rob_2.0\civ_rob_2\debug\player.obj
c:\users\robin\documents\github\civ_rob_2.0\civ_rob_2\debug\nextturn.obj
c:\users\robin\documents\github\civ_rob_2.0\civ_rob_2\debug\newgame.obj
c:\users\robin\documents\github\civ_rob_2.0\civ_rob_2\debug\main.obj
c:\users\robin\documents\github\civ_rob_2.0\civ_rob_2\debug\ltimer.obj
c:\users\robin\documents\github\civ_rob_2.0\civ_rob_2\debug\keyboardandmouse.obj
c:\users\robin\documents\github\civ_rob_2.0\civ_rob_2\debug\initanderror.obj
c:\users\robin\documents\github\civ_rob_2.0\civ_rob_2\debug\deleteall.obj
c:\users\robin\documents\github\civ_rob_2.0\civ_rob_2\debug\citizen.obj
c:\users\robin\documents\github\civ_rob_2.0\civ_rob_2\debug\cities.obj
c:\users\robin\documents\github\civ_rob_2.0\civ_rob_2\debug\citie.obj
c:\users\robin\documents\github\civ_rob_2.0\civ_rob_2\debug\buttons.obj
c:\users\robin\documents\github\civ_rob_2.0\civ_rob_2\debug\mainloop.obj
c:\users\robin\documents\github\civ_rob_2.0\debug\civ_rob_2.exe
c:\users\robin\documents\github\civ_rob_2.0\debug\civ_rob_2.ilk
c:\users\robin\documents\github\civ_rob_2.0\debug\civ_rob_2.pdb
c:\users\robin\documents\github\civ_rob_2.0\civ_rob_2\debug\civ_rob_2.tlog\cl.command.1.tlog
c:\users\robin\documents\github\civ_rob_2.0\civ_rob_2\debug\civ_rob_2.tlog\cl.read.1.tlog
c:\users\robin\documents\github\civ_rob_2.0\civ_rob_2\debug\civ_rob_2.tlog\cl.write.1.tlog
c:\users\robin\documents\github\civ_rob_2.0\civ_rob_2\debug\civ_rob_2.tlog\link.command.1.tlog
c:\users\robin\documents\github\civ_rob_2.0\civ_rob_2\debug\civ_rob_2.tlog\link.read.1.tlog
c:\users\robin\documents\github\civ_rob_2.0\civ_rob_2\debug\civ_rob_2.tlog\link.write.1.tlog
