c:\users\robin\documents\github\civ_rob_2.0\realengine2d\x64\debug\realengine2d.pdb
c:\users\robin\documents\github\civ_rob_2.0\realengine2d\x64\debug\realengine2d.idb
c:\users\robin\documents\github\civ_rob_2.0\realengine2d\x64\debug\window.obj
c:\users\robin\documents\github\civ_rob_2.0\realengine2d\x64\debug\timing.obj
c:\users\robin\documents\github\civ_rob_2.0\realengine2d\x64\debug\texturecache.obj
c:\users\robin\documents\github\civ_rob_2.0\realengine2d\x64\debug\spritebatch.obj
c:\users\robin\documents\github\civ_rob_2.0\realengine2d\x64\debug\sprite.obj
c:\users\robin\documents\github\civ_rob_2.0\realengine2d\x64\debug\resourcemanager.obj
c:\users\robin\documents\github\civ_rob_2.0\realengine2d\x64\debug\inputmanager.obj
c:\users\robin\documents\github\civ_rob_2.0\realengine2d\x64\debug\gltexture.obj
c:\users\robin\documents\github\civ_rob_2.0\realengine2d\x64\debug\glslprogram.obj
c:\users\robin\documents\github\civ_rob_2.0\realengine2d\x64\debug\gameengine.obj
c:\users\robin\documents\github\civ_rob_2.0\realengine2d\x64\debug\error.obj
c:\users\robin\documents\github\civ_rob_2.0\realengine2d\x64\debug\camera2d.obj
c:\users\robin\documents\github\civ_rob_2.0\realengine2d\x64\debug\picopng.obj
c:\users\robin\documents\github\civ_rob_2.0\x64\debug\realengine2d.lib
c:\users\robin\documents\github\civ_rob_2.0\realengine2d\x64\debug\realengine2d.tlog\cl.command.1.tlog
c:\users\robin\documents\github\civ_rob_2.0\realengine2d\x64\debug\realengine2d.tlog\cl.read.1.tlog
c:\users\robin\documents\github\civ_rob_2.0\realengine2d\x64\debug\realengine2d.tlog\cl.write.1.tlog
c:\users\robin\documents\github\civ_rob_2.0\realengine2d\x64\debug\realengine2d.tlog\lib-link.read.1.tlog
c:\users\robin\documents\github\civ_rob_2.0\realengine2d\x64\debug\realengine2d.tlog\lib-link.write.1.tlog
c:\users\robin\documents\github\civ_rob_2.0\realengine2d\x64\debug\realengine2d.tlog\lib.command.1.tlog
