c:\users\robin\documents\github\civ_rob_2.0\civ_rob_2.0\x64\debug\vc142.pdb
c:\users\robin\documents\github\civ_rob_2.0\civ_rob_2.0\x64\debug\vc142.idb
c:\users\robin\documents\github\civ_rob_2.0\civ_rob_2.0\x64\debug\newgame.obj
c:\users\robin\documents\github\civ_rob_2.0\civ_rob_2.0\x64\debug\gameplayscreen.obj
c:\users\robin\documents\github\civ_rob_2.0\civ_rob_2.0\x64\debug\xmlconvertvalue.obj
c:\users\robin\documents\github\civ_rob_2.0\civ_rob_2.0\x64\debug\utility.obj
c:\users\robin\documents\github\civ_rob_2.0\civ_rob_2.0\x64\debug\unit.obj
c:\users\robin\documents\github\civ_rob_2.0\civ_rob_2.0\x64\debug\savereload.obj
c:\users\robin\documents\github\civ_rob_2.0\civ_rob_2.0\x64\debug\reloadmenuscreen.obj
c:\users\robin\documents\github\civ_rob_2.0\civ_rob_2.0\x64\debug\player.obj
c:\users\robin\documents\github\civ_rob_2.0\civ_rob_2.0\x64\debug\nextturn.obj
c:\users\robin\documents\github\civ_rob_2.0\civ_rob_2.0\x64\debug\newgamescreen.obj
c:\users\robin\documents\github\civ_rob_2.0\civ_rob_2.0\x64\debug\mainmenuscreen.obj
c:\users\robin\documents\github\civ_rob_2.0\civ_rob_2.0\x64\debug\mainmap.obj
c:\users\robin\documents\github\civ_rob_2.0\civ_rob_2.0\x64\debug\gameinput.obj
c:\users\robin\documents\github\civ_rob_2.0\civ_rob_2.0\x64\debug\civ_rob_2.0.obj
c:\users\robin\documents\github\civ_rob_2.0\civ_rob_2.0\x64\debug\city.obj
c:\users\robin\documents\github\civ_rob_2.0\civ_rob_2.0\x64\debug\citizen.obj
c:\users\robin\documents\github\civ_rob_2.0\civ_rob_2.0\x64\debug\app.obj
c:\users\robin\documents\github\civ_rob_2.0\x64\debug\civ_rob_2.0.exe
c:\users\robin\documents\github\civ_rob_2.0\x64\debug\civ_rob_2.0.ilk
c:\users\robin\documents\github\civ_rob_2.0\x64\debug\civ_rob_2.0.pdb
c:\users\robin\documents\github\civ_rob_2.0\civ_rob_2.0\x64\debug\civ_rob_2.0.res
c:\users\robin\documents\github\civ_rob_2.0\civ_rob_2.0\x64\debug\civ_rob_2.0.tlog\cl.command.1.tlog
c:\users\robin\documents\github\civ_rob_2.0\civ_rob_2.0\x64\debug\civ_rob_2.0.tlog\cl.read.1.tlog
c:\users\robin\documents\github\civ_rob_2.0\civ_rob_2.0\x64\debug\civ_rob_2.0.tlog\cl.write.1.tlog
c:\users\robin\documents\github\civ_rob_2.0\civ_rob_2.0\x64\debug\civ_rob_2.0.tlog\link.command.1.tlog
c:\users\robin\documents\github\civ_rob_2.0\civ_rob_2.0\x64\debug\civ_rob_2.0.tlog\link.read.1.tlog
c:\users\robin\documents\github\civ_rob_2.0\civ_rob_2.0\x64\debug\civ_rob_2.0.tlog\link.write.1.tlog
c:\users\robin\documents\github\civ_rob_2.0\civ_rob_2.0\x64\debug\civ_rob_2.0.tlog\rc.command.1.tlog
c:\users\robin\documents\github\civ_rob_2.0\civ_rob_2.0\x64\debug\civ_rob_2.0.tlog\rc.read.1.tlog
c:\users\robin\documents\github\civ_rob_2.0\civ_rob_2.0\x64\debug\civ_rob_2.0.tlog\rc.write.1.tlog
